<?xml version="1.0" encoding="UTF-8"?>
<!-- Generated by org.testng.reporters.JUnitXMLReporter -->
<testsuite ignored="3" hostname="Aman" failures="0" tests="1" name="NewTest2" time="0.072" errors="0" timestamp="2022-08-08T22:16:04 IST">
  <testcase classname="testng.Grouping1" name="mobile" time="0.013"/>
  <testcase classname="testng.Grouping1" name="email" time="0.0">
    <ignored/>
  </testcase> <!-- email -->
  <testcase classname="testng.Grouping1" name="scroll" time="0.0">
    <ignored/>
  </testcase> <!-- scroll -->
  <testcase classname="testng.Grouping1" name="message" time="0.0">
    <ignored/>
  </testcase> <!-- message -->
</testsuite> <!-- NewTest2 -->
