<?xml version="1.0" encoding="UTF-8"?>
<!-- Generated by org.testng.reporters.JUnitXMLReporter -->
<testsuite ignored="3" hostname="Aman" failures="0" tests="4" name="Test" time="0.095" errors="0" timestamp="2022-07-20T22:13:28 IST">
  <testcase classname="testng.Grouping" name="homepage" time="0.013"/>
  <testcase classname="testng.Grouping" name="title" time="0.003"/>
  <testcase classname="testng.Grouping1" name="mobile" time="0.002"/>
  <testcase classname="testng.Grouping1" name="scroll" time="0.002"/>
  <testcase classname="testng.Grouping" name="login" time="0.0">
    <ignored/>
  </testcase> <!-- login -->
  <testcase classname="testng.Grouping1" name="email" time="0.0">
    <ignored/>
  </testcase> <!-- email -->
  <testcase classname="testng.Grouping1" name="message" time="0.0">
    <ignored/>
  </testcase> <!-- message -->
</testsuite> <!-- Test -->
