<?xml version="1.0" encoding="UTF-8"?>
<testng-results ignored="3" total="4" passed="1" failed="0" skipped="0">
  <reporter-output>
  </reporter-output>
  <suite started-at="2022-08-08T22:16:04 IST" name="Suite" finished-at="2022-08-08T22:16:04 IST" duration-ms="72">
    <groups>
      <group name="regression">
        <method signature="Grouping1.mobile()[pri:0, instance:testng.Grouping1@6356695f]" name="mobile" class="testng.Grouping1"/>
      </group> <!-- regression -->
    </groups>
    <test started-at="2022-08-08T22:16:04 IST" name="NewTest2" finished-at="2022-08-08T22:16:04 IST" duration-ms="72">
      <class name="testng.Grouping1">
        <test-method signature="mobile()[pri:0, instance:testng.Grouping1@6356695f]" started-at="2022-08-08T22:16:04 IST" name="mobile" finished-at="2022-08-08T22:16:04 IST" duration-ms="13" status="PASS">
          <reporter-output>
          </reporter-output>
        </test-method> <!-- mobile -->
      </class> <!-- testng.Grouping1 -->
    </test> <!-- NewTest2 -->
  </suite> <!-- Suite -->
</testng-results>
